INFO: [VRFC 10-2263] Analyzing Verilog file "/home/aditya/vivado_projects/RISC-V_16bit/RISC-V_16bit.srcs/sources_1/new/16_bit_RISC.v" into library xil_defaultlib
INFO: [VRFC 10-311] analyzing module Risc_16_bit
INFO: [VRFC 10-2263] Analyzing Verilog file "/home/aditya/vivado_projects/RISC-V_16bit/RISC-V_16bit.srcs/sources_1/new/ALU_Unit.v" into library xil_defaultlib
INFO: [VRFC 10-311] analyzing module ALU
INFO: [VRFC 10-2263] Analyzing Verilog file "/home/aditya/vivado_projects/RISC-V_16bit/RISC-V_16bit.srcs/sources_1/new/ALU_control_unit.v" into library xil_defaultlib
INFO: [VRFC 10-311] analyzing module alu_control
INFO: [VRFC 10-2263] Analyzing Verilog file "/home/aditya/vivado_projects/RISC-V_16bit/RISC-V_16bit.srcs/sources_1/new/ControlUnit_RISCpr.v" into library xil_defaultlib
INFO: [VRFC 10-311] analyzing module Control_Unit
INFO: [VRFC 10-2263] Analyzing Verilog file "/home/aditya/vivado_projects/RISC-V_16bit/RISC-V_16bit.srcs/sources_1/new/DataPath_code.v" into library xil_defaultlib
INFO: [VRFC 10-311] analyzing module Datapath_Unit
INFO: [VRFC 10-2263] Analyzing Verilog file "/home/aditya/vivado_projects/RISC-V_16bit/RISC-V_16bit.srcs/sources_1/new/data_memory.v" into library xil_defaultlib
INFO: [VRFC 10-311] analyzing module Data_Memory
INFO: [VRFC 10-2263] Analyzing Verilog file "/home/aditya/vivado_projects/RISC-V_16bit/RISC-V_16bit.srcs/sources_1/new/instruction_memory.v" into library xil_defaultlib
INFO: [VRFC 10-311] analyzing module Instruction_Memory
INFO: [VRFC 10-2263] Analyzing Verilog file "/home/aditya/vivado_projects/RISC-V_16bit/RISC-V_16bit.srcs/sources_1/new/register_file.v" into library xil_defaultlib
INFO: [VRFC 10-311] analyzing module GPRs
INFO: [VRFC 10-2263] Analyzing Verilog file "/home/aditya/vivado_projects/RISC-V_16bit/RISC-V_16bit.srcs/sim_1/new/tb_16bit.v" into library xil_defaultlib
INFO: [VRFC 10-311] analyzing module test_Risc_16_bit
INFO: [VRFC 10-2263] Analyzing Verilog file "/home/aditya/vivado_projects/RISC-V_16bit/RISC-V_16bit.sim/sim_1/behav/xsim/glbl.v" into library xil_defaultlib
INFO: [VRFC 10-311] analyzing module glbl
