Vivado Simulator v2022.1
Copyright 1986-1999, 2001-2022 Xilinx, Inc. All Rights Reserved.
Running: /home/aditya/xilinx_vivado_ml/Vivado/2022.1/bin/unwrapped/lnx64.o/xelab --incr --debug typical --relax --mt 8 -L xil_defaultlib -L uvm -L unisims_ver -L secureip --snapshot test_func_synth xil_defaultlib.test xil_defaultlib.glbl -log elaborate.log 
Using 8 slave threads.
Starting static elaboration
Pass Through NonSizing Optimizer
Completed static elaboration
Starting simulation data flow analysis
WARNING: [XSIM 43-4100] "/home/aditya/vivado_projects/fifo_dipesh_git/fifo_dipesh_git.sim/sim_1/synth/func/xsim/test_func_synth.v" Line 15. Module fifo has a timescale but at least one module in design doesn't have timescale.
WARNING: [XSIM 43-4100] "/wrk/ci/prod/2022.1/rdi_builds/continuous/2022_04_18_3526262/data/verilog/src/unisims/BUFG.v" Line 27. Module BUFG has a timescale but at least one module in design doesn't have timescale.
WARNING: [XSIM 43-4100] "/wrk/ci/prod/2022.1/rdi_builds/continuous/2022_04_18_3526262/data/verilog/src/unisims/IBUF.v" Line 29. Module IBUF has a timescale but at least one module in design doesn't have timescale.
WARNING: [XSIM 43-4100] "/wrk/ci/prod/2022.1/rdi_builds/continuous/2022_04_18_3526262/data/verilog/src/unisims/IBUF.v" Line 29. Module IBUF has a timescale but at least one module in design doesn't have timescale.
WARNING: [XSIM 43-4100] "/wrk/ci/prod/2022.1/rdi_builds/continuous/2022_04_18_3526262/data/verilog/src/unisims/IBUF.v" Line 29. Module IBUF has a timescale but at least one module in design doesn't have timescale.
WARNING: [XSIM 43-4100] "/wrk/ci/prod/2022.1/rdi_builds/continuous/2022_04_18_3526262/data/verilog/src/unisims/IBUF.v" Line 29. Module IBUF has a timescale but at least one module in design doesn't have timescale.
WARNING: [XSIM 43-4100] "/wrk/ci/prod/2022.1/rdi_builds/continuous/2022_04_18_3526262/data/verilog/src/unisims/IBUF.v" Line 29. Module IBUF has a timescale but at least one module in design doesn't have timescale.
WARNING: [XSIM 43-4100] "/wrk/ci/prod/2022.1/rdi_builds/continuous/2022_04_18_3526262/data/verilog/src/unisims/IBUF.v" Line 29. Module IBUF has a timescale but at least one module in design doesn't have timescale.
WARNING: [XSIM 43-4100] "/wrk/ci/prod/2022.1/rdi_builds/continuous/2022_04_18_3526262/data/verilog/src/unisims/IBUF.v" Line 29. Module IBUF has a timescale but at least one module in design doesn't have timescale.
WARNING: [XSIM 43-4100] "/wrk/ci/prod/2022.1/rdi_builds/continuous/2022_04_18_3526262/data/verilog/src/unisims/IBUF.v" Line 29. Module IBUF has a timescale but at least one module in design doesn't have timescale.
WARNING: [XSIM 43-4100] "/wrk/ci/prod/2022.1/rdi_builds/continuous/2022_04_18_3526262/data/verilog/src/unisims/IBUF.v" Line 29. Module IBUF has a timescale but at least one module in design doesn't have timescale.
WARNING: [XSIM 43-4100] "/wrk/ci/prod/2022.1/rdi_builds/continuous/2022_04_18_3526262/data/verilog/src/unisims/LUT5.v" Line 30. Module LUT5 has a timescale but at least one module in design doesn't have timescale.
WARNING: [XSIM 43-4100] "/wrk/ci/prod/2022.1/rdi_builds/continuous/2022_04_18_3526262/data/verilog/src/unisims/LUT6.v" Line 30. Module LUT6 has a timescale but at least one module in design doesn't have timescale.
WARNING: [XSIM 43-4100] "/wrk/ci/prod/2022.1/rdi_builds/continuous/2022_04_18_3526262/data/verilog/src/unisims/LUT6.v" Line 30. Module LUT6 has a timescale but at least one module in design doesn't have timescale.
WARNING: [XSIM 43-4100] "/wrk/ci/prod/2022.1/rdi_builds/continuous/2022_04_18_3526262/data/verilog/src/unisims/LUT5.v" Line 30. Module LUT5 has a timescale but at least one module in design doesn't have timescale.
WARNING: [XSIM 43-4100] "/wrk/ci/prod/2022.1/rdi_builds/continuous/2022_04_18_3526262/data/verilog/src/unisims/LUT6.v" Line 30. Module LUT6 has a timescale but at least one module in design doesn't have timescale.
WARNING: [XSIM 43-4100] "/wrk/ci/prod/2022.1/rdi_builds/continuous/2022_04_18_3526262/data/verilog/src/unisims/LUT6.v" Line 30. Module LUT6 has a timescale but at least one module in design doesn't have timescale.
WARNING: [XSIM 43-4100] "/wrk/ci/prod/2022.1/rdi_builds/continuous/2022_04_18_3526262/data/verilog/src/unisims/LUT5.v" Line 30. Module LUT5 has a timescale but at least one module in design doesn't have timescale.
WARNING: [XSIM 43-4100] "/wrk/ci/prod/2022.1/rdi_builds/continuous/2022_04_18_3526262/data/verilog/src/unisims/LUT6.v" Line 30. Module LUT6 has a timescale but at least one module in design doesn't have timescale.
WARNING: [XSIM 43-4100] "/wrk/ci/prod/2022.1/rdi_builds/continuous/2022_04_18_3526262/data/verilog/src/unisims/LUT6.v" Line 30. Module LUT6 has a timescale but at least one module in design doesn't have timescale.
WARNING: [XSIM 43-4100] "/wrk/ci/prod/2022.1/rdi_builds/continuous/2022_04_18_3526262/data/verilog/src/unisims/LUT5.v" Line 30. Module LUT5 has a timescale but at least one module in design doesn't have timescale.
WARNING: [XSIM 43-4100] "/wrk/ci/prod/2022.1/rdi_builds/continuous/2022_04_18_3526262/data/verilog/src/unisims/LUT6.v" Line 30. Module LUT6 has a timescale but at least one module in design doesn't have timescale.
WARNING: [XSIM 43-4100] "/wrk/ci/prod/2022.1/rdi_builds/continuous/2022_04_18_3526262/data/verilog/src/unisims/LUT6.v" Line 30. Module LUT6 has a timescale but at least one module in design doesn't have timescale.
WARNING: [XSIM 43-4100] "/wrk/ci/prod/2022.1/rdi_builds/continuous/2022_04_18_3526262/data/verilog/src/unisims/LUT5.v" Line 30. Module LUT5 has a timescale but at least one module in design doesn't have timescale.
WARNING: [XSIM 43-4100] "/wrk/ci/prod/2022.1/rdi_builds/continuous/2022_04_18_3526262/data/verilog/src/unisims/LUT6.v" Line 30. Module LUT6 has a timescale but at least one module in design doesn't have timescale.
WARNING: [XSIM 43-4100] "/wrk/ci/prod/2022.1/rdi_builds/continuous/2022_04_18_3526262/data/verilog/src/unisims/LUT6.v" Line 30. Module LUT6 has a timescale but at least one module in design doesn't have timescale.
WARNING: [XSIM 43-4100] "/wrk/ci/prod/2022.1/rdi_builds/continuous/2022_04_18_3526262/data/verilog/src/unisims/LUT5.v" Line 30. Module LUT5 has a timescale but at least one module in design doesn't have timescale.
WARNING: [XSIM 43-4100] "/wrk/ci/prod/2022.1/rdi_builds/continuous/2022_04_18_3526262/data/verilog/src/unisims/LUT6.v" Line 30. Module LUT6 has a timescale but at least one module in design doesn't have timescale.
WARNING: [XSIM 43-4100] "/wrk/ci/prod/2022.1/rdi_builds/continuous/2022_04_18_3526262/data/verilog/src/unisims/LUT6.v" Line 30. Module LUT6 has a timescale but at least one module in design doesn't have timescale.
WARNING: [XSIM 43-4100] "/wrk/ci/prod/2022.1/rdi_builds/continuous/2022_04_18_3526262/data/verilog/src/unisims/LUT5.v" Line 30. Module LUT5 has a timescale but at least one module in design doesn't have timescale.
WARNING: [XSIM 43-4100] "/wrk/ci/prod/2022.1/rdi_builds/continuous/2022_04_18_3526262/data/verilog/src/unisims/LUT6.v" Line 30. Module LUT6 has a timescale but at least one module in design doesn't have timescale.
WARNING: [XSIM 43-4100] "/wrk/ci/prod/2022.1/rdi_builds/continuous/2022_04_18_3526262/data/verilog/src/unisims/LUT6.v" Line 30. Module LUT6 has a timescale but at least one module in design doesn't have timescale.
WARNING: [XSIM 43-4100] "/wrk/ci/prod/2022.1/rdi_builds/continuous/2022_04_18_3526262/data/verilog/src/unisims/LUT5.v" Line 30. Module LUT5 has a timescale but at least one module in design doesn't have timescale.
WARNING: [XSIM 43-4100] "/wrk/ci/prod/2022.1/rdi_builds/continuous/2022_04_18_3526262/data/verilog/src/unisims/LUT6.v" Line 30. Module LUT6 has a timescale but at least one module in design doesn't have timescale.
WARNING: [XSIM 43-4100] "/wrk/ci/prod/2022.1/rdi_builds/continuous/2022_04_18_3526262/data/verilog/src/unisims/LUT6.v" Line 30. Module LUT6 has a timescale but at least one module in design doesn't have timescale.
WARNING: [XSIM 43-4100] "/wrk/ci/prod/2022.1/rdi_builds/continuous/2022_04_18_3526262/data/verilog/src/unisims/LUT5.v" Line 30. Module LUT5 has a timescale but at least one module in design doesn't have timescale.
WARNING: [XSIM 43-4100] "/wrk/ci/prod/2022.1/rdi_builds/continuous/2022_04_18_3526262/data/verilog/src/unisims/LUT6.v" Line 30. Module LUT6 has a timescale but at least one module in design doesn't have timescale.
WARNING: [XSIM 43-4100] "/wrk/ci/prod/2022.1/rdi_builds/continuous/2022_04_18_3526262/data/verilog/src/unisims/LUT6.v" Line 30. Module LUT6 has a timescale but at least one module in design doesn't have timescale.
WARNING: [XSIM 43-4100] "/wrk/ci/prod/2022.1/rdi_builds/continuous/2022_04_18_3526262/data/verilog/src/unisims/LUT5.v" Line 30. Module LUT5 has a timescale but at least one module in design doesn't have timescale.
WARNING: [XSIM 43-4100] "/wrk/ci/prod/2022.1/rdi_builds/continuous/2022_04_18_3526262/data/verilog/src/unisims/LUT6.v" Line 30. Module LUT6 has a timescale but at least one module in design doesn't have timescale.
WARNING: [XSIM 43-4100] "/wrk/ci/prod/2022.1/rdi_builds/continuous/2022_04_18_3526262/data/verilog/src/unisims/LUT6.v" Line 30. Module LUT6 has a timescale but at least one module in design doesn't have timescale.
WARNING: [XSIM 43-4100] "/wrk/ci/prod/2022.1/rdi_builds/continuous/2022_04_18_3526262/data/verilog/src/unisims/LUT5.v" Line 30. Module LUT5 has a timescale but at least one module in design doesn't have timescale.
WARNING: [XSIM 43-4100] "/wrk/ci/prod/2022.1/rdi_builds/continuous/2022_04_18_3526262/data/verilog/src/unisims/LUT6.v" Line 30. Module LUT6 has a timescale but at least one module in design doesn't have timescale.
WARNING: [XSIM 43-4100] "/wrk/ci/prod/2022.1/rdi_builds/continuous/2022_04_18_3526262/data/verilog/src/unisims/LUT6.v" Line 30. Module LUT6 has a timescale but at least one module in design doesn't have timescale.
WARNING: [XSIM 43-4100] "/wrk/ci/prod/2022.1/rdi_builds/continuous/2022_04_18_3526262/data/verilog/src/unisims/LUT5.v" Line 30. Module LUT5 has a timescale but at least one module in design doesn't have timescale.
WARNING: [XSIM 43-4100] "/wrk/ci/prod/2022.1/rdi_builds/continuous/2022_04_18_3526262/data/verilog/src/unisims/LUT6.v" Line 30. Module LUT6 has a timescale but at least one module in design doesn't have timescale.
WARNING: [XSIM 43-4100] "/wrk/ci/prod/2022.1/rdi_builds/continuous/2022_04_18_3526262/data/verilog/src/unisims/LUT6.v" Line 30. Module LUT6 has a timescale but at least one module in design doesn't have timescale.
WARNING: [XSIM 43-4100] "/wrk/ci/prod/2022.1/rdi_builds/continuous/2022_04_18_3526262/data/verilog/src/unisims/LUT5.v" Line 30. Module LUT5 has a timescale but at least one module in design doesn't have timescale.
WARNING: [XSIM 43-4100] "/wrk/ci/prod/2022.1/rdi_builds/continuous/2022_04_18_3526262/data/verilog/src/unisims/LUT6.v" Line 30. Module LUT6 has a timescale but at least one module in design doesn't have timescale.
WARNING: [XSIM 43-4100] "/wrk/ci/prod/2022.1/rdi_builds/continuous/2022_04_18_3526262/data/verilog/src/unisims/LUT6.v" Line 30. Module LUT6 has a timescale but at least one module in design doesn't have timescale.
INFO: [Common 17-14] Message 'XSIM 43-4100' appears 50 times and further instances of the messages will be disabled. Use the Tcl command set_msg_config to change the current settings.
Completed simulation data flow analysis
Time Resolution for simulation is 1ps
Compiling module unisims_ver.BUFG
Compiling module unisims_ver.IBUF
Compiling module unisims_ver.LUT5
Compiling module unisims_ver.LUT6
Compiling module unisims_ver.OBUF
Compiling module unisims_ver.FDRE_default
Compiling module unisims_ver.LUT4
Compiling module unisims_ver.x_lut2_mux4
Compiling module unisims_ver.LUT2
Compiling module unisims_ver.x_lut1_mux2
Compiling module unisims_ver.LUT1(INIT=2'b01)
Compiling module unisims_ver.x_lut3_mux8
Compiling module unisims_ver.LUT3
Compiling module xil_defaultlib.fifo
Compiling module xil_defaultlib.test
Compiling module xil_defaultlib.glbl
Built simulation snapshot test_func_synth
